2016-03-12 18:29:46 INFO  UserService:40 - service login
2016-03-12 18:29:46 INFO  UserService:107 - in service
2016-03-12 18:29:46 INFO  UserService:109 - User [userId=0, fullName=karthik, email=abcded@gmail.com, userName=Karthik123, password=password, phoneNumber=90522, role=Role [roleId=102, roleName=user, functions=[]]]in service user
2016-03-12 18:29:46 INFO  UserService:111 - Category [categoryId=201, categoryName=ui]
2016-03-12 18:29:46 INFO  UserService:116 - Project [projectId=10, projectName=tracking]
2016-03-12 18:29:46 INFO  UserService:118 - Status [statusId=700, statusName=pending]
2016-03-12 18:29:46 INFO  UserService:126 - Ticket [ticketId=0, project=Project [projectId=10, projectName=tracking], description=discription1, user=User [userId=0, fullName=karthik, email=abcded@gmail.com, userName=Karthik123, password=password, phoneNumber=90522, role=Role [roleId=102, roleName=user, functions=[]]], riseDate=Sat Mar 12 18:29:46 IST 2016, category=[Category [categoryId=201, categoryName=ui]], priority=null, assignDeveloper=[], status=Status [statusId=700, statusName=pending], resolveDate=null]in service
2016-03-12 18:29:46 INFO  UserService:128 - 
2016-03-12 18:29:46 INFO  UserService:161 - in ser
2016-03-12 18:29:46 INFO  UserService:164 - in service[Ticket [ticketId=0, project=Project [projectId=10, projectName=tracking], description=description1, user=User [userId=0, fullName=karthik, email=abcded@gmail.com, userName=Karthik123, password=password, phoneNumber=90522, role=Role [roleId=102, roleName=user, functions=[]]], riseDate=Sat Mar 12 18:29:46 IST 2016, category=[Category [categoryId=202, categoryName=h/w], Category [categoryId=201, categoryName=ui]], priority=Priority [priorityId=601, priorityName=high], assignDeveloper=null, status=Status [statusId=700, statusName=pending], resolveDate=Sat Mar 12 18:29:46 IST 2016], Ticket [ticketId=0, project=Project [projectId=10, projectName=tracking], description=description2, user=User [userId=0, fullName=karthik1, email=abcded@gmail.com, userName=Karthik1232, password=password, phoneNumber=90522, role=Role [roleId=102, roleName=user, functions=[]]], riseDate=Sat Mar 12 18:29:46 IST 2016, category=[Category [categoryId=202, categoryName=h/w], Category [categoryId=201, categoryName=ui]], priority=Priority [priorityId=601, priorityName=high], assignDeveloper=null, status=Status [statusId=700, statusName=pending], resolveDate=Sat Mar 12 18:29:46 IST 2016]]
2016-03-12 18:29:46 INFO  UserService:199 - service alltickets [Ticket [ticketId=0, project=Project [projectId=10, projectName=tracking], description=description1, user=User [userId=0, fullName=karthik, email=abcded@gmail.com, userName=Karthik123, password=password, phoneNumber=90522, role=Role [roleId=102, roleName=user, functions=[]]], riseDate=Sat Mar 12 18:29:46 IST 2016, category=[Category [categoryId=202, categoryName=h/w], Category [categoryId=201, categoryName=ui]], priority=Priority [priorityId=601, priorityName=high], assignDeveloper=null, status=Status [statusId=700, statusName=pending], resolveDate=Sat Mar 12 18:29:46 IST 2016], Ticket [ticketId=0, project=Project [projectId=10, projectName=tracking], description=description2, user=User [userId=0, fullName=karthik1, email=abcded@gmail.com, userName=Karthik1232, password=password, phoneNumber=90522, role=Role [roleId=102, roleName=user, functions=[]]], riseDate=Sat Mar 12 18:29:46 IST 2016, category=[Category [categoryId=202, categoryName=h/w], Category [categoryId=201, categoryName=ui]], priority=Priority [priorityId=601, priorityName=high], assignDeveloper=null, status=Status [statusId=700, statusName=pending], resolveDate=Sat Mar 12 18:29:46 IST 2016]]
2016-03-12 18:29:46 INFO  UserService:148 - Ticket [ticketId=0, project=Project [projectId=10, projectName=tracking], description=description1, user=User [userId=0, fullName=karthik, email=abcded@gmail.com, userName=Karthik123, password=password, phoneNumber=90522, role=Role [roleId=102, roleName=user, functions=[]]], riseDate=Sat Mar 12 18:29:46 IST 2016, category=[Category [categoryId=201, categoryName=ui], Category [categoryId=202, categoryName=h/w]], priority=Priority [priorityId=601, priorityName=high], assignDeveloper=null, status=Status [statusId=700, statusName=pending], resolveDate=Sat Mar 12 18:29:46 IST 2016] 0
2016-03-12 18:29:46 INFO  UserService:148 - Ticket [ticketId=0, project=Project [projectId=10, projectName=tracking], description=description2, user=User [userId=0, fullName=karthik1, email=abcded@gmail.com, userName=Karthik1232, password=password, phoneNumber=90522, role=Role [roleId=102, roleName=user, functions=[]]], riseDate=Sat Mar 12 18:29:46 IST 2016, category=[Category [categoryId=201, categoryName=ui], Category [categoryId=202, categoryName=h/w]], priority=Priority [priorityId=601, priorityName=high], assignDeveloper=null, status=Status [statusId=700, statusName=pending], resolveDate=Sat Mar 12 18:29:46 IST 2016] 0
2016-03-12 18:29:46 INFO  UserService:88 - in serice
2016-03-21 15:22:16 INFO  UserService:43 - service login
2016-03-21 15:22:17 INFO  UserService:124 - in service
2016-03-21 15:22:17 INFO  UserService:126 - User [userId=0, fullName=karthik, email=abcded@gmail.com, userName=Karthik123, password=password, phoneNumber=90522, role=Role [roleId=102, roleName=user, functions=[]]]in service user
2016-03-21 15:22:17 INFO  UserService:128 - Category [categoryId=201, categoryName=ui]
2016-03-21 15:22:17 INFO  UserService:134 - Project [projectId=10, projectName=tracking]
2016-03-21 15:22:17 INFO  UserService:136 - Status [statusId=700, statusName=pending]
2016-03-21 15:22:17 INFO  UserService:144 - Ticket [ticketId=0, project=Project [projectId=10, projectName=tracking], description=discription1, user=User [userId=0, fullName=karthik, email=abcded@gmail.com, userName=Karthik123, password=password, phoneNumber=90522, role=Role [roleId=102, roleName=user, functions=[]]], riseDate=Mon Mar 21 15:22:17 IST 2016, category=[Category [categoryId=201, categoryName=ui]], priority=null, assignDeveloper=[], status=Status [statusId=700, statusName=pending], resolveDate=null]in service
2016-03-21 15:22:17 INFO  UserService:146 - 
2016-03-21 15:22:17 INFO  UserService:182 - in ser
2016-03-21 15:22:17 INFO  UserService:185 - in service[Ticket [ticketId=0, project=Project [projectId=10, projectName=tracking], description=description1, user=User [userId=0, fullName=karthik, email=abcded@gmail.com, userName=Karthik123, password=password, phoneNumber=90522, role=Role [roleId=102, roleName=user, functions=[]]], riseDate=Mon Mar 21 15:22:17 IST 2016, category=[Category [categoryId=202, categoryName=h/w], Category [categoryId=201, categoryName=ui]], priority=Priority [priorityId=601, priorityName=high], assignDeveloper=null, status=Status [statusId=700, statusName=pending], resolveDate=Mon Mar 21 15:22:17 IST 2016], Ticket [ticketId=0, project=Project [projectId=10, projectName=tracking], description=description2, user=User [userId=0, fullName=karthik1, email=abcded@gmail.com, userName=Karthik1232, password=password, phoneNumber=90522, role=Role [roleId=102, roleName=user, functions=[]]], riseDate=Mon Mar 21 15:22:17 IST 2016, category=[Category [categoryId=202, categoryName=h/w], Category [categoryId=201, categoryName=ui]], priority=Priority [priorityId=601, priorityName=high], assignDeveloper=null, status=Status [statusId=700, statusName=pending], resolveDate=Mon Mar 21 15:22:17 IST 2016]]
2016-03-21 15:22:17 INFO  UserService:170 - Ticket [ticketId=0, project=Project [projectId=10, projectName=tracking], description=description1, user=User [userId=0, fullName=karthik, email=abcded@gmail.com, userName=Karthik123, password=password, phoneNumber=90522, role=Role [roleId=102, roleName=user, functions=[]]], riseDate=Mon Mar 21 15:22:17 IST 2016, category=[Category [categoryId=201, categoryName=ui], Category [categoryId=202, categoryName=h/w]], priority=Priority [priorityId=601, priorityName=high], assignDeveloper=null, status=Status [statusId=700, statusName=pending], resolveDate=Mon Mar 21 15:22:17 IST 2016] 0
2016-03-21 15:22:17 INFO  UserService:170 - Ticket [ticketId=0, project=Project [projectId=10, projectName=tracking], description=description2, user=User [userId=0, fullName=karthik1, email=abcded@gmail.com, userName=Karthik1232, password=password, phoneNumber=90522, role=Role [roleId=102, roleName=user, functions=[]]], riseDate=Mon Mar 21 15:22:17 IST 2016, category=[Category [categoryId=201, categoryName=ui], Category [categoryId=202, categoryName=h/w]], priority=Priority [priorityId=601, priorityName=high], assignDeveloper=null, status=Status [statusId=700, statusName=pending], resolveDate=Mon Mar 21 15:22:17 IST 2016] 0
2016-03-21 15:22:17 INFO  UserService:100 - in serice
2016-03-21 19:17:45 INFO  AdminService:49 - in admin service
2016-03-21 19:17:45 INFO  AdminService:72 - in ser
2016-03-21 19:17:45 INFO  AdminService:75 - in service[Ticket [ticketId=2, project=project, description=description, user=user, riseDate=Mon Mar 21 19:17:45 IST 2016, category=[Category [categoryId=2, categoryName=ui]], priority=null, assignDeveloper=assignDeveloper, status=status, resolveDate=Mon Mar 21 19:17:45 IST 2016], Ticket [ticketId=0, project=project, description=description1, user=user, riseDate=Mon Mar 21 19:17:45 IST 2016, category=[], priority=null, assignDeveloper=assignDeveloper, status=status, resolveDate=Mon Mar 21 19:17:45 IST 2016]]
2016-03-21 19:17:45 INFO  AdminService:97 - in serice
2016-03-21 19:17:45 INFO  UserService:43 - service login
2016-03-21 19:17:45 INFO  UserService:105 - in serice
2016-03-21 19:17:45 INFO  UserService:124 - in service
2016-03-21 19:17:45 INFO  UserService:126 - User [userId=0, fullName=karthik, email=abcded@gmail.com, userName=Karthik123, password=password, phoneNumber=90522, role=Role [roleId=102, roleName=user, functions=[]]]in service user
2016-03-21 19:17:45 INFO  UserService:128 - Category [categoryId=201, categoryName=ui]
2016-03-21 19:17:45 INFO  UserService:134 - Project [projectId=10, projectName=tracking]
2016-03-21 19:17:45 INFO  UserService:136 - Status [statusId=700, statusName=pending]
2016-03-21 19:17:45 INFO  UserService:144 - Ticket [ticketId=0, project=Project [projectId=10, projectName=tracking], description=discription1, user=User [userId=0, fullName=karthik, email=abcded@gmail.com, userName=Karthik123, password=password, phoneNumber=90522, role=Role [roleId=102, roleName=user, functions=[]]], riseDate=Mon Mar 21 19:17:45 IST 2016, category=[Category [categoryId=201, categoryName=ui]], priority=null, assignDeveloper=[], status=Status [statusId=700, statusName=pending], resolveDate=null]in service
2016-03-21 19:17:45 INFO  UserService:146 - 
2016-03-21 19:17:45 INFO  UserService:67 - service
2016-03-21 19:17:45 INFO  UserService:182 - in ser
2016-03-21 19:17:45 INFO  UserService:185 - in service[Ticket [ticketId=0, project=Project [projectId=10, projectName=tracking], description=description1, user=User [userId=0, fullName=karthik, email=abcded@gmail.com, userName=Karthik123, password=password, phoneNumber=90522, role=Role [roleId=102, roleName=user, functions=[]]], riseDate=Mon Mar 21 19:17:45 IST 2016, category=[Category [categoryId=202, categoryName=h/w], Category [categoryId=201, categoryName=ui]], priority=Priority [priorityId=601, priorityName=high], assignDeveloper=null, status=Status [statusId=700, statusName=pending], resolveDate=Mon Mar 21 19:17:45 IST 2016], Ticket [ticketId=0, project=Project [projectId=10, projectName=tracking], description=description2, user=User [userId=0, fullName=karthik1, email=abcded@gmail.com, userName=Karthik1232, password=password, phoneNumber=90522, role=Role [roleId=102, roleName=user, functions=[]]], riseDate=Mon Mar 21 19:17:45 IST 2016, category=[Category [categoryId=202, categoryName=h/w], Category [categoryId=201, categoryName=ui]], priority=Priority [priorityId=601, priorityName=high], assignDeveloper=null, status=Status [statusId=700, statusName=pending], resolveDate=Mon Mar 21 19:17:45 IST 2016]]
2016-03-21 19:17:45 INFO  UserService:170 - Ticket [ticketId=0, project=Project [projectId=10, projectName=tracking], description=description1, user=User [userId=0, fullName=karthik, email=abcded@gmail.com, userName=Karthik123, password=password, phoneNumber=90522, role=Role [roleId=102, roleName=user, functions=[]]], riseDate=Mon Mar 21 19:17:45 IST 2016, category=[Category [categoryId=201, categoryName=ui], Category [categoryId=202, categoryName=h/w]], priority=Priority [priorityId=601, priorityName=high], assignDeveloper=null, status=Status [statusId=700, statusName=pending], resolveDate=Mon Mar 21 19:17:45 IST 2016] 0
2016-03-21 19:17:45 INFO  UserService:170 - Ticket [ticketId=0, project=Project [projectId=10, projectName=tracking], description=description2, user=User [userId=0, fullName=karthik1, email=abcded@gmail.com, userName=Karthik1232, password=password, phoneNumber=90522, role=Role [roleId=102, roleName=user, functions=[]]], riseDate=Mon Mar 21 19:17:45 IST 2016, category=[Category [categoryId=201, categoryName=ui], Category [categoryId=202, categoryName=h/w]], priority=Priority [priorityId=601, priorityName=high], assignDeveloper=null, status=Status [statusId=700, statusName=pending], resolveDate=Mon Mar 21 19:17:45 IST 2016] 0
2016-03-21 19:17:45 INFO  UserService:100 - in serice
2016-03-22 10:12:53 INFO  AdminService:49 - in admin service
2016-03-22 10:12:53 INFO  AdminService:72 - in ser
2016-03-22 10:12:53 INFO  AdminService:75 - in service[Ticket [ticketId=2, project=project, description=description, user=user, riseDate=Tue Mar 22 10:12:53 IST 2016, category=[Category [categoryId=2, categoryName=ui]], priority=null, assignDeveloper=assignDeveloper, status=status, resolveDate=Tue Mar 22 10:12:53 IST 2016], Ticket [ticketId=0, project=project, description=description1, user=user, riseDate=Tue Mar 22 10:12:53 IST 2016, category=[], priority=null, assignDeveloper=assignDeveloper, status=status, resolveDate=Tue Mar 22 10:12:53 IST 2016]]
2016-03-22 10:12:53 INFO  AdminService:97 - in serice
2016-03-22 10:12:53 INFO  UserService:43 - service login
2016-03-22 10:12:53 INFO  UserService:105 - in serice
2016-03-22 10:12:53 INFO  UserService:124 - in service
2016-03-22 10:12:53 INFO  UserService:126 - User [userId=0, fullName=karthik, email=abcded@gmail.com, userName=Karthik123, password=password, phoneNumber=90522, role=Role [roleId=102, roleName=user, functions=[]]]in service user
2016-03-22 10:12:53 INFO  UserService:128 - Category [categoryId=201, categoryName=ui]
2016-03-22 10:12:53 INFO  UserService:134 - Project [projectId=10, projectName=tracking]
2016-03-22 10:12:53 INFO  UserService:136 - Status [statusId=700, statusName=pending]
2016-03-22 10:12:53 INFO  UserService:144 - Ticket [ticketId=0, project=Project [projectId=10, projectName=tracking], description=discription1, user=User [userId=0, fullName=karthik, email=abcded@gmail.com, userName=Karthik123, password=password, phoneNumber=90522, role=Role [roleId=102, roleName=user, functions=[]]], riseDate=Tue Mar 22 10:12:53 IST 2016, category=[Category [categoryId=201, categoryName=ui]], priority=null, assignDeveloper=[], status=Status [statusId=700, statusName=pending], resolveDate=null]in service
2016-03-22 10:12:53 INFO  UserService:146 - 
2016-03-22 10:12:53 INFO  UserService:67 - service
2016-03-22 10:12:53 INFO  UserService:182 - in ser
2016-03-22 10:12:53 INFO  UserService:185 - in service[Ticket [ticketId=0, project=Project [projectId=10, projectName=tracking], description=description1, user=User [userId=0, fullName=karthik, email=abcded@gmail.com, userName=Karthik123, password=password, phoneNumber=90522, role=Role [roleId=102, roleName=user, functions=[]]], riseDate=Tue Mar 22 10:12:53 IST 2016, category=[Category [categoryId=202, categoryName=h/w], Category [categoryId=201, categoryName=ui]], priority=Priority [priorityId=601, priorityName=high], assignDeveloper=null, status=Status [statusId=700, statusName=pending], resolveDate=Tue Mar 22 10:12:53 IST 2016], Ticket [ticketId=0, project=Project [projectId=10, projectName=tracking], description=description2, user=User [userId=0, fullName=karthik1, email=abcded@gmail.com, userName=Karthik1232, password=password, phoneNumber=90522, role=Role [roleId=102, roleName=user, functions=[]]], riseDate=Tue Mar 22 10:12:53 IST 2016, category=[Category [categoryId=202, categoryName=h/w], Category [categoryId=201, categoryName=ui]], priority=Priority [priorityId=601, priorityName=high], assignDeveloper=null, status=Status [statusId=700, statusName=pending], resolveDate=Tue Mar 22 10:12:53 IST 2016]]
2016-03-22 10:12:53 INFO  UserService:170 - Ticket [ticketId=0, project=Project [projectId=10, projectName=tracking], description=description1, user=User [userId=0, fullName=karthik, email=abcded@gmail.com, userName=Karthik123, password=password, phoneNumber=90522, role=Role [roleId=102, roleName=user, functions=[]]], riseDate=Tue Mar 22 10:12:53 IST 2016, category=[Category [categoryId=202, categoryName=h/w], Category [categoryId=201, categoryName=ui]], priority=Priority [priorityId=601, priorityName=high], assignDeveloper=null, status=Status [statusId=700, statusName=pending], resolveDate=Tue Mar 22 10:12:53 IST 2016] 0
2016-03-22 10:12:53 INFO  UserService:170 - Ticket [ticketId=0, project=Project [projectId=10, projectName=tracking], description=description2, user=User [userId=0, fullName=karthik1, email=abcded@gmail.com, userName=Karthik1232, password=password, phoneNumber=90522, role=Role [roleId=102, roleName=user, functions=[]]], riseDate=Tue Mar 22 10:12:53 IST 2016, category=[Category [categoryId=202, categoryName=h/w], Category [categoryId=201, categoryName=ui]], priority=Priority [priorityId=601, priorityName=high], assignDeveloper=null, status=Status [statusId=700, statusName=pending], resolveDate=Tue Mar 22 10:12:53 IST 2016] 0
2016-03-22 10:12:53 INFO  UserService:100 - in serice
2016-03-22 10:18:34 INFO  AdminService:49 - in admin service
2016-03-22 10:18:34 INFO  AdminService:72 - in ser
2016-03-22 10:18:34 INFO  AdminService:75 - in service[Ticket [ticketId=2, project=project, description=description, user=user, riseDate=Tue Mar 22 10:18:34 IST 2016, category=[Category [categoryId=2, categoryName=ui]], priority=null, assignDeveloper=assignDeveloper, status=status, resolveDate=Tue Mar 22 10:18:34 IST 2016], Ticket [ticketId=0, project=project, description=description1, user=user, riseDate=Tue Mar 22 10:18:34 IST 2016, category=[], priority=null, assignDeveloper=assignDeveloper, status=status, resolveDate=Tue Mar 22 10:18:34 IST 2016]]
2016-03-22 10:18:34 INFO  AdminService:97 - in serice
2016-03-22 10:18:34 INFO  UserService:43 - service login
2016-03-22 10:18:34 INFO  UserService:105 - in serice
2016-03-22 10:18:35 INFO  UserService:117 - in service
2016-03-22 10:18:35 INFO  UserService:119 - User [userId=0, fullName=karthik, email=abcded@gmail.com, userName=Karthik123, password=password, phoneNumber=90522, role=Role [roleId=102, roleName=user, functions=[]]]in service user
2016-03-22 10:18:35 INFO  UserService:121 - Category [categoryId=201, categoryName=ui]
2016-03-22 10:18:35 INFO  UserService:127 - Project [projectId=10, projectName=tracking]
2016-03-22 10:18:35 INFO  UserService:129 - Status [statusId=700, statusName=pending]
2016-03-22 10:18:35 INFO  UserService:137 - Ticket [ticketId=0, project=Project [projectId=10, projectName=tracking], description=discription1, user=User [userId=0, fullName=karthik, email=abcded@gmail.com, userName=Karthik123, password=password, phoneNumber=90522, role=Role [roleId=102, roleName=user, functions=[]]], riseDate=Tue Mar 22 10:18:35 IST 2016, category=[Category [categoryId=201, categoryName=ui]], priority=null, assignDeveloper=[], status=Status [statusId=700, statusName=pending], resolveDate=null]in service
2016-03-22 10:18:35 INFO  UserService:139 - 
2016-03-22 10:18:35 INFO  UserService:67 - service
2016-03-22 10:18:35 INFO  UserService:175 - in ser
2016-03-22 10:18:35 INFO  UserService:178 - in service[Ticket [ticketId=0, project=Project [projectId=10, projectName=tracking], description=description1, user=User [userId=0, fullName=karthik, email=abcded@gmail.com, userName=Karthik123, password=password, phoneNumber=90522, role=Role [roleId=102, roleName=user, functions=[]]], riseDate=Tue Mar 22 10:18:35 IST 2016, category=[Category [categoryId=202, categoryName=h/w], Category [categoryId=201, categoryName=ui]], priority=Priority [priorityId=601, priorityName=high], assignDeveloper=null, status=Status [statusId=700, statusName=pending], resolveDate=Tue Mar 22 10:18:35 IST 2016], Ticket [ticketId=0, project=Project [projectId=10, projectName=tracking], description=description2, user=User [userId=0, fullName=karthik1, email=abcded@gmail.com, userName=Karthik1232, password=password, phoneNumber=90522, role=Role [roleId=102, roleName=user, functions=[]]], riseDate=Tue Mar 22 10:18:35 IST 2016, category=[Category [categoryId=202, categoryName=h/w], Category [categoryId=201, categoryName=ui]], priority=Priority [priorityId=601, priorityName=high], assignDeveloper=null, status=Status [statusId=700, statusName=pending], resolveDate=Tue Mar 22 10:18:35 IST 2016]]
2016-03-22 10:18:35 INFO  UserService:163 - Ticket [ticketId=0, project=Project [projectId=10, projectName=tracking], description=description1, user=User [userId=0, fullName=karthik, email=abcded@gmail.com, userName=Karthik123, password=password, phoneNumber=90522, role=Role [roleId=102, roleName=user, functions=[]]], riseDate=Tue Mar 22 10:18:35 IST 2016, category=[Category [categoryId=201, categoryName=ui], Category [categoryId=202, categoryName=h/w]], priority=Priority [priorityId=601, priorityName=high], assignDeveloper=null, status=Status [statusId=700, statusName=pending], resolveDate=Tue Mar 22 10:18:35 IST 2016] 0
2016-03-22 10:18:35 INFO  UserService:163 - Ticket [ticketId=0, project=Project [projectId=10, projectName=tracking], description=description2, user=User [userId=0, fullName=karthik1, email=abcded@gmail.com, userName=Karthik1232, password=password, phoneNumber=90522, role=Role [roleId=102, roleName=user, functions=[]]], riseDate=Tue Mar 22 10:18:35 IST 2016, category=[Category [categoryId=201, categoryName=ui], Category [categoryId=202, categoryName=h/w]], priority=Priority [priorityId=601, priorityName=high], assignDeveloper=null, status=Status [statusId=700, statusName=pending], resolveDate=Tue Mar 22 10:18:35 IST 2016] 0
2016-03-22 10:18:35 INFO  UserService:100 - in serice
2016-03-22 11:06:42 INFO  UserService:42 - service login
2016-03-22 11:06:42 INFO  UserService:93 - in serice
2016-03-22 11:06:43 INFO  UserService:106 - in service
2016-03-22 11:06:43 INFO  UserService:108 - User [userId=0, fullName=karthik, email=abcded@gmail.com, userName=Karthik123, password=password, phoneNumber=90522, role=Role [roleId=102, roleName=user, functions=[]]]in service user
2016-03-22 11:06:43 INFO  UserService:110 - Category [categoryId=201, categoryName=ui]
2016-03-22 11:06:43 INFO  UserService:116 - Project [projectId=10, projectName=tracking]
2016-03-22 11:06:43 INFO  UserService:118 - Status [statusId=700, statusName=pending]
2016-03-22 11:06:43 INFO  UserService:126 - Ticket [ticketId=0, project=Project [projectId=10, projectName=tracking], description=discription1, user=User [userId=0, fullName=karthik, email=abcded@gmail.com, userName=Karthik123, password=password, phoneNumber=90522, role=Role [roleId=102, roleName=user, functions=[]]], riseDate=Tue Mar 22 11:06:43 IST 2016, category=[Category [categoryId=201, categoryName=ui]], priority=null, assignDeveloper=[], status=Status [statusId=700, statusName=pending], resolveDate=null]in service
2016-03-22 11:06:43 INFO  UserService:128 - 
2016-03-22 11:06:43 INFO  UserService:64 - service
2016-03-22 11:06:43 INFO  UserService:160 - in ser
2016-03-22 11:06:43 INFO  UserService:163 - in service[Ticket [ticketId=1, project=Project [projectId=10, projectName=tracking], description=description1, user=User [userId=0, fullName=karthik, email=abcded@gmail.com, userName=Karthik123, password=password, phoneNumber=90522, role=Role [roleId=102, roleName=user, functions=[]]], riseDate=Tue Mar 22 11:06:43 IST 2016, category=[Category [categoryId=201, categoryName=ui], Category [categoryId=202, categoryName=h/w]], priority=Priority [priorityId=601, priorityName=high], assignDeveloper=null, status=Status [statusId=700, statusName=pending], resolveDate=Tue Mar 22 11:06:43 IST 2016], Ticket [ticketId=2, project=Project [projectId=10, projectName=tracking], description=description2, user=User [userId=0, fullName=karthik1, email=abcded@gmail.com, userName=Karthik1232, password=password, phoneNumber=90522, role=Role [roleId=102, roleName=user, functions=[]]], riseDate=Tue Mar 22 11:06:43 IST 2016, category=[Category [categoryId=201, categoryName=ui], Category [categoryId=202, categoryName=h/w]], priority=Priority [priorityId=601, priorityName=high], assignDeveloper=null, status=Status [statusId=700, statusName=pending], resolveDate=Tue Mar 22 11:06:43 IST 2016]]
2016-03-22 11:06:43 INFO  UserService:149 - Ticket [ticketId=1, project=Project [projectId=10, projectName=tracking], description=description1, user=User [userId=0, fullName=karthik, email=abcded@gmail.com, userName=Karthik123, password=password, phoneNumber=90522, role=Role [roleId=102, roleName=user, functions=[]]], riseDate=Tue Mar 22 11:06:43 IST 2016, category=[Category [categoryId=201, categoryName=ui], Category [categoryId=202, categoryName=h/w]], priority=Priority [priorityId=601, priorityName=high], assignDeveloper=null, status=Status [statusId=700, statusName=pending], resolveDate=Tue Mar 22 11:06:43 IST 2016] 0
2016-03-22 11:06:43 INFO  UserService:149 - Ticket [ticketId=2, project=Project [projectId=10, projectName=tracking], description=description2, user=User [userId=0, fullName=karthik1, email=abcded@gmail.com, userName=Karthik1232, password=password, phoneNumber=90522, role=Role [roleId=102, roleName=user, functions=[]]], riseDate=Tue Mar 22 11:06:43 IST 2016, category=[Category [categoryId=201, categoryName=ui], Category [categoryId=202, categoryName=h/w]], priority=Priority [priorityId=601, priorityName=high], assignDeveloper=null, status=Status [statusId=700, statusName=pending], resolveDate=Tue Mar 22 11:06:43 IST 2016] 0
2016-03-22 11:06:43 INFO  UserService:87 - in serice
2016-03-22 11:06:52 INFO  UserService:42 - service login
2016-03-22 11:06:52 INFO  UserService:93 - in serice
2016-03-22 11:06:52 INFO  UserService:106 - in service
2016-03-22 11:06:52 INFO  UserService:108 - User [userId=0, fullName=karthik, email=abcded@gmail.com, userName=Karthik123, password=password, phoneNumber=90522, role=Role [roleId=102, roleName=user, functions=[]]]in service user
2016-03-22 11:06:52 INFO  UserService:110 - Category [categoryId=201, categoryName=ui]
2016-03-22 11:06:52 INFO  UserService:116 - Project [projectId=10, projectName=tracking]
2016-03-22 11:06:52 INFO  UserService:118 - Status [statusId=700, statusName=pending]
2016-03-22 11:06:52 INFO  UserService:126 - Ticket [ticketId=0, project=Project [projectId=10, projectName=tracking], description=discription1, user=User [userId=0, fullName=karthik, email=abcded@gmail.com, userName=Karthik123, password=password, phoneNumber=90522, role=Role [roleId=102, roleName=user, functions=[]]], riseDate=Tue Mar 22 11:06:52 IST 2016, category=[Category [categoryId=201, categoryName=ui]], priority=null, assignDeveloper=[], status=Status [statusId=700, statusName=pending], resolveDate=null]in service
2016-03-22 11:06:52 INFO  UserService:128 - 
2016-03-22 11:06:52 INFO  UserService:64 - service
2016-03-22 11:06:52 INFO  UserService:160 - in ser
2016-03-22 11:06:52 INFO  UserService:163 - in service[Ticket [ticketId=1, project=Project [projectId=10, projectName=tracking], description=description1, user=User [userId=0, fullName=karthik, email=abcded@gmail.com, userName=Karthik123, password=password, phoneNumber=90522, role=Role [roleId=102, roleName=user, functions=[]]], riseDate=Tue Mar 22 11:06:52 IST 2016, category=[Category [categoryId=201, categoryName=ui], Category [categoryId=202, categoryName=h/w]], priority=Priority [priorityId=601, priorityName=high], assignDeveloper=null, status=Status [statusId=700, statusName=pending], resolveDate=Tue Mar 22 11:06:52 IST 2016], Ticket [ticketId=2, project=Project [projectId=10, projectName=tracking], description=description2, user=User [userId=0, fullName=karthik1, email=abcded@gmail.com, userName=Karthik1232, password=password, phoneNumber=90522, role=Role [roleId=102, roleName=user, functions=[]]], riseDate=Tue Mar 22 11:06:52 IST 2016, category=[Category [categoryId=201, categoryName=ui], Category [categoryId=202, categoryName=h/w]], priority=Priority [priorityId=601, priorityName=high], assignDeveloper=null, status=Status [statusId=700, statusName=pending], resolveDate=Tue Mar 22 11:06:52 IST 2016]]
2016-03-22 11:06:52 INFO  UserService:149 - Ticket [ticketId=1, project=Project [projectId=10, projectName=tracking], description=description1, user=User [userId=0, fullName=karthik, email=abcded@gmail.com, userName=Karthik123, password=password, phoneNumber=90522, role=Role [roleId=102, roleName=user, functions=[]]], riseDate=Tue Mar 22 11:06:52 IST 2016, category=[Category [categoryId=202, categoryName=h/w], Category [categoryId=201, categoryName=ui]], priority=Priority [priorityId=601, priorityName=high], assignDeveloper=null, status=Status [statusId=700, statusName=pending], resolveDate=Tue Mar 22 11:06:52 IST 2016] 0
2016-03-22 11:06:52 INFO  UserService:149 - Ticket [ticketId=2, project=Project [projectId=10, projectName=tracking], description=description2, user=User [userId=0, fullName=karthik1, email=abcded@gmail.com, userName=Karthik1232, password=password, phoneNumber=90522, role=Role [roleId=102, roleName=user, functions=[]]], riseDate=Tue Mar 22 11:06:52 IST 2016, category=[Category [categoryId=202, categoryName=h/w], Category [categoryId=201, categoryName=ui]], priority=Priority [priorityId=601, priorityName=high], assignDeveloper=null, status=Status [statusId=700, statusName=pending], resolveDate=Tue Mar 22 11:06:52 IST 2016] 0
2016-03-22 11:06:52 INFO  UserService:87 - in serice
2016-03-22 11:09:08 INFO  UserService:42 - service login
2016-03-22 11:09:08 INFO  UserService:93 - in serice
2016-03-22 11:09:08 INFO  UserService:106 - in service
2016-03-22 11:09:08 INFO  UserService:108 - User [userId=0, fullName=karthik, email=abcded@gmail.com, userName=Karthik123, password=password, phoneNumber=90522, role=Role [roleId=102, roleName=user, functions=[]]]in service user
2016-03-22 11:09:08 INFO  UserService:110 - Category [categoryId=201, categoryName=ui]
2016-03-22 11:09:08 INFO  UserService:116 - Project [projectId=10, projectName=tracking]
2016-03-22 11:09:08 INFO  UserService:118 - Status [statusId=700, statusName=pending]
2016-03-22 11:09:08 INFO  UserService:126 - Ticket [ticketId=0, project=Project [projectId=10, projectName=tracking], description=discription1, user=User [userId=0, fullName=karthik, email=abcded@gmail.com, userName=Karthik123, password=password, phoneNumber=90522, role=Role [roleId=102, roleName=user, functions=[]]], riseDate=Tue Mar 22 11:09:08 IST 2016, category=[Category [categoryId=201, categoryName=ui]], priority=null, assignDeveloper=[], status=Status [statusId=700, statusName=pending], resolveDate=null]in service
2016-03-22 11:09:08 INFO  UserService:128 - 
2016-03-22 11:09:08 INFO  UserService:64 - service
2016-03-22 11:09:08 INFO  UserService:160 - in ser
2016-03-22 11:09:08 INFO  UserService:163 - in service[Ticket [ticketId=1, project=Project [projectId=10, projectName=tracking], description=description1, user=User [userId=0, fullName=karthik, email=abcded@gmail.com, userName=Karthik123, password=password, phoneNumber=90522, role=Role [roleId=102, roleName=user, functions=[]]], riseDate=Tue Mar 22 11:09:08 IST 2016, category=[Category [categoryId=202, categoryName=h/w], Category [categoryId=201, categoryName=ui]], priority=Priority [priorityId=601, priorityName=high], assignDeveloper=null, status=Status [statusId=700, statusName=pending], resolveDate=Tue Mar 22 11:09:08 IST 2016], Ticket [ticketId=2, project=Project [projectId=10, projectName=tracking], description=description2, user=User [userId=0, fullName=karthik1, email=abcded@gmail.com, userName=Karthik1232, password=password, phoneNumber=90522, role=Role [roleId=102, roleName=user, functions=[]]], riseDate=Tue Mar 22 11:09:08 IST 2016, category=[Category [categoryId=202, categoryName=h/w], Category [categoryId=201, categoryName=ui]], priority=Priority [priorityId=601, priorityName=high], assignDeveloper=null, status=Status [statusId=700, statusName=pending], resolveDate=Tue Mar 22 11:09:08 IST 2016]]
2016-03-22 11:09:08 INFO  UserService:149 - Ticket [ticketId=1, project=Project [projectId=10, projectName=tracking], description=description1, user=User [userId=0, fullName=karthik, email=abcded@gmail.com, userName=Karthik123, password=password, phoneNumber=90522, role=Role [roleId=102, roleName=user, functions=[]]], riseDate=Tue Mar 22 11:09:08 IST 2016, category=[Category [categoryId=201, categoryName=ui], Category [categoryId=202, categoryName=h/w]], priority=Priority [priorityId=601, priorityName=high], assignDeveloper=null, status=Status [statusId=700, statusName=pending], resolveDate=Tue Mar 22 11:09:08 IST 2016] 0
2016-03-22 11:09:08 INFO  UserService:149 - Ticket [ticketId=2, project=Project [projectId=10, projectName=tracking], description=description2, user=User [userId=0, fullName=karthik1, email=abcded@gmail.com, userName=Karthik1232, password=password, phoneNumber=90522, role=Role [roleId=102, roleName=user, functions=[]]], riseDate=Tue Mar 22 11:09:08 IST 2016, category=[Category [categoryId=201, categoryName=ui], Category [categoryId=202, categoryName=h/w]], priority=Priority [priorityId=601, priorityName=high], assignDeveloper=null, status=Status [statusId=700, statusName=pending], resolveDate=Tue Mar 22 11:09:08 IST 2016] 0
2016-03-22 11:09:08 INFO  UserService:87 - in serice
2016-03-22 11:09:17 INFO  UserService:42 - service login
2016-03-22 11:09:17 INFO  UserService:93 - in serice
2016-03-22 11:09:17 INFO  UserService:106 - in service
2016-03-22 11:09:17 INFO  UserService:108 - User [userId=0, fullName=karthik, email=abcded@gmail.com, userName=Karthik123, password=password, phoneNumber=90522, role=Role [roleId=102, roleName=user, functions=[]]]in service user
2016-03-22 11:09:17 INFO  UserService:110 - Category [categoryId=201, categoryName=ui]
2016-03-22 11:09:17 INFO  UserService:116 - Project [projectId=10, projectName=tracking]
2016-03-22 11:09:17 INFO  UserService:118 - Status [statusId=700, statusName=pending]
2016-03-22 11:09:17 INFO  UserService:126 - Ticket [ticketId=0, project=Project [projectId=10, projectName=tracking], description=discription1, user=User [userId=0, fullName=karthik, email=abcded@gmail.com, userName=Karthik123, password=password, phoneNumber=90522, role=Role [roleId=102, roleName=user, functions=[]]], riseDate=Tue Mar 22 11:09:17 IST 2016, category=[Category [categoryId=201, categoryName=ui]], priority=null, assignDeveloper=[], status=Status [statusId=700, statusName=pending], resolveDate=null]in service
2016-03-22 11:09:17 INFO  UserService:128 - 
2016-03-22 11:09:17 INFO  UserService:64 - service
2016-03-22 11:09:17 INFO  UserService:160 - in ser
2016-03-22 11:09:17 INFO  UserService:163 - in service[Ticket [ticketId=1, project=Project [projectId=10, projectName=tracking], description=description1, user=User [userId=0, fullName=karthik, email=abcded@gmail.com, userName=Karthik123, password=password, phoneNumber=90522, role=Role [roleId=102, roleName=user, functions=[]]], riseDate=Tue Mar 22 11:09:17 IST 2016, category=[Category [categoryId=202, categoryName=h/w], Category [categoryId=201, categoryName=ui]], priority=Priority [priorityId=601, priorityName=high], assignDeveloper=null, status=Status [statusId=700, statusName=pending], resolveDate=Tue Mar 22 11:09:17 IST 2016], Ticket [ticketId=2, project=Project [projectId=10, projectName=tracking], description=description2, user=User [userId=0, fullName=karthik1, email=abcded@gmail.com, userName=Karthik1232, password=password, phoneNumber=90522, role=Role [roleId=102, roleName=user, functions=[]]], riseDate=Tue Mar 22 11:09:17 IST 2016, category=[Category [categoryId=202, categoryName=h/w], Category [categoryId=201, categoryName=ui]], priority=Priority [priorityId=601, priorityName=high], assignDeveloper=null, status=Status [statusId=700, statusName=pending], resolveDate=Tue Mar 22 11:09:17 IST 2016]]
2016-03-22 11:09:17 INFO  UserService:149 - Ticket [ticketId=1, project=Project [projectId=10, projectName=tracking], description=description1, user=User [userId=0, fullName=karthik, email=abcded@gmail.com, userName=Karthik123, password=password, phoneNumber=90522, role=Role [roleId=102, roleName=user, functions=[]]], riseDate=Tue Mar 22 11:09:17 IST 2016, category=[Category [categoryId=201, categoryName=ui], Category [categoryId=202, categoryName=h/w]], priority=Priority [priorityId=601, priorityName=high], assignDeveloper=null, status=Status [statusId=700, statusName=pending], resolveDate=Tue Mar 22 11:09:17 IST 2016] 0
2016-03-22 11:09:17 INFO  UserService:149 - Ticket [ticketId=2, project=Project [projectId=10, projectName=tracking], description=description2, user=User [userId=0, fullName=karthik1, email=abcded@gmail.com, userName=Karthik1232, password=password, phoneNumber=90522, role=Role [roleId=102, roleName=user, functions=[]]], riseDate=Tue Mar 22 11:09:17 IST 2016, category=[Category [categoryId=201, categoryName=ui], Category [categoryId=202, categoryName=h/w]], priority=Priority [priorityId=601, priorityName=high], assignDeveloper=null, status=Status [statusId=700, statusName=pending], resolveDate=Tue Mar 22 11:09:17 IST 2016] 0
2016-03-22 11:09:17 INFO  UserService:87 - in serice
2016-03-22 11:09:56 INFO  AdminService:49 - in admin service
2016-03-22 11:09:56 INFO  AdminService:72 - in ser
2016-03-22 11:09:56 INFO  AdminService:75 - in service[Ticket [ticketId=2, project=project, description=description, user=user, riseDate=Tue Mar 22 11:09:56 IST 2016, category=[Category [categoryId=2, categoryName=ui]], priority=null, assignDeveloper=assignDeveloper, status=status, resolveDate=Tue Mar 22 11:09:56 IST 2016], Ticket [ticketId=0, project=project, description=description1, user=user, riseDate=Tue Mar 22 11:09:56 IST 2016, category=[], priority=null, assignDeveloper=assignDeveloper, status=status, resolveDate=Tue Mar 22 11:09:56 IST 2016]]
2016-03-22 11:09:56 INFO  AdminService:97 - in serice
2016-03-22 11:09:56 INFO  UserService:42 - service login
2016-03-22 11:09:56 INFO  UserService:93 - in serice
2016-03-22 11:09:56 INFO  UserService:106 - in service
2016-03-22 11:09:56 INFO  UserService:108 - User [userId=0, fullName=karthik, email=abcded@gmail.com, userName=Karthik123, password=password, phoneNumber=90522, role=Role [roleId=102, roleName=user, functions=[]]]in service user
2016-03-22 11:09:56 INFO  UserService:110 - Category [categoryId=201, categoryName=ui]
2016-03-22 11:09:56 INFO  UserService:116 - Project [projectId=10, projectName=tracking]
2016-03-22 11:09:56 INFO  UserService:118 - Status [statusId=700, statusName=pending]
2016-03-22 11:09:56 INFO  UserService:126 - Ticket [ticketId=0, project=Project [projectId=10, projectName=tracking], description=discription1, user=User [userId=0, fullName=karthik, email=abcded@gmail.com, userName=Karthik123, password=password, phoneNumber=90522, role=Role [roleId=102, roleName=user, functions=[]]], riseDate=Tue Mar 22 11:09:56 IST 2016, category=[Category [categoryId=201, categoryName=ui]], priority=null, assignDeveloper=[], status=Status [statusId=700, statusName=pending], resolveDate=null]in service
2016-03-22 11:09:56 INFO  UserService:128 - 
2016-03-22 11:09:56 INFO  UserService:64 - service
2016-03-22 11:09:56 INFO  UserService:160 - in ser
2016-03-22 11:09:56 INFO  UserService:163 - in service[Ticket [ticketId=1, project=Project [projectId=10, projectName=tracking], description=description1, user=User [userId=0, fullName=karthik, email=abcded@gmail.com, userName=Karthik123, password=password, phoneNumber=90522, role=Role [roleId=102, roleName=user, functions=[]]], riseDate=Tue Mar 22 11:09:56 IST 2016, category=[Category [categoryId=202, categoryName=h/w], Category [categoryId=201, categoryName=ui]], priority=Priority [priorityId=601, priorityName=high], assignDeveloper=null, status=Status [statusId=700, statusName=pending], resolveDate=Tue Mar 22 11:09:56 IST 2016], Ticket [ticketId=2, project=Project [projectId=10, projectName=tracking], description=description2, user=User [userId=0, fullName=karthik1, email=abcded@gmail.com, userName=Karthik1232, password=password, phoneNumber=90522, role=Role [roleId=102, roleName=user, functions=[]]], riseDate=Tue Mar 22 11:09:56 IST 2016, category=[Category [categoryId=202, categoryName=h/w], Category [categoryId=201, categoryName=ui]], priority=Priority [priorityId=601, priorityName=high], assignDeveloper=null, status=Status [statusId=700, statusName=pending], resolveDate=Tue Mar 22 11:09:56 IST 2016]]
2016-03-22 11:09:56 INFO  UserService:149 - Ticket [ticketId=1, project=Project [projectId=10, projectName=tracking], description=description1, user=User [userId=0, fullName=karthik, email=abcded@gmail.com, userName=Karthik123, password=password, phoneNumber=90522, role=Role [roleId=102, roleName=user, functions=[]]], riseDate=Tue Mar 22 11:09:56 IST 2016, category=[Category [categoryId=202, categoryName=h/w], Category [categoryId=201, categoryName=ui]], priority=Priority [priorityId=601, priorityName=high], assignDeveloper=null, status=Status [statusId=700, statusName=pending], resolveDate=Tue Mar 22 11:09:56 IST 2016] 0
2016-03-22 11:09:56 INFO  UserService:149 - Ticket [ticketId=2, project=Project [projectId=10, projectName=tracking], description=description2, user=User [userId=0, fullName=karthik1, email=abcded@gmail.com, userName=Karthik1232, password=password, phoneNumber=90522, role=Role [roleId=102, roleName=user, functions=[]]], riseDate=Tue Mar 22 11:09:56 IST 2016, category=[Category [categoryId=202, categoryName=h/w], Category [categoryId=201, categoryName=ui]], priority=Priority [priorityId=601, priorityName=high], assignDeveloper=null, status=Status [statusId=700, statusName=pending], resolveDate=Tue Mar 22 11:09:56 IST 2016] 0
2016-03-22 11:09:56 INFO  UserService:87 - in serice
2016-03-22 12:57:11 INFO  AdminService:49 - in admin service
2016-03-22 12:57:11 INFO  AdminService:72 - in ser
2016-03-22 12:57:11 INFO  AdminService:75 - in service[Ticket [ticketId=2, project=project, description=description, user=user, riseDate=Tue Mar 22 12:57:11 IST 2016, category=[Category [categoryId=2, categoryName=ui]], priority=null, assignDeveloper=assignDeveloper, status=status, resolveDate=Tue Mar 22 12:57:11 IST 2016], Ticket [ticketId=0, project=project, description=description1, user=user, riseDate=Tue Mar 22 12:57:11 IST 2016, category=[], priority=null, assignDeveloper=assignDeveloper, status=status, resolveDate=Tue Mar 22 12:57:11 IST 2016]]
2016-03-22 12:57:11 INFO  AdminService:97 - in serice
2016-03-22 12:57:11 INFO  UserService:42 - service login
2016-03-22 12:57:11 INFO  UserService:93 - in serice
2016-03-22 12:57:11 INFO  UserService:106 - in service
2016-03-22 12:57:11 INFO  UserService:108 - User [userId=0, fullName=karthik, email=abcded@gmail.com, userName=Karthik123, password=password, phoneNumber=90522, role=Role [roleId=102, roleName=user, functions=[]]]in service user
2016-03-22 12:57:11 INFO  UserService:110 - Category [categoryId=201, categoryName=ui]
2016-03-22 12:57:11 INFO  UserService:116 - Project [projectId=10, projectName=tracking]
2016-03-22 12:57:11 INFO  UserService:118 - Status [statusId=700, statusName=pending]
2016-03-22 12:57:11 INFO  UserService:126 - Ticket [ticketId=0, project=Project [projectId=10, projectName=tracking], description=discription1, user=User [userId=0, fullName=karthik, email=abcded@gmail.com, userName=Karthik123, password=password, phoneNumber=90522, role=Role [roleId=102, roleName=user, functions=[]]], riseDate=Tue Mar 22 12:57:11 IST 2016, category=[Category [categoryId=201, categoryName=ui]], priority=null, assignDeveloper=[], status=Status [statusId=700, statusName=pending], resolveDate=null]in service
2016-03-22 12:57:11 INFO  UserService:128 - 
2016-03-22 12:57:11 INFO  UserService:64 - service
2016-03-22 12:57:11 INFO  UserService:160 - in ser
2016-03-22 12:57:11 INFO  UserService:163 - in service[Ticket [ticketId=1, project=Project [projectId=10, projectName=tracking], description=description1, user=User [userId=0, fullName=karthik, email=abcded@gmail.com, userName=Karthik123, password=password, phoneNumber=90522, role=Role [roleId=102, roleName=user, functions=[]]], riseDate=Tue Mar 22 12:57:11 IST 2016, category=[Category [categoryId=202, categoryName=h/w], Category [categoryId=201, categoryName=ui]], priority=Priority [priorityId=601, priorityName=high], assignDeveloper=null, status=Status [statusId=700, statusName=pending], resolveDate=Tue Mar 22 12:57:11 IST 2016], Ticket [ticketId=2, project=Project [projectId=10, projectName=tracking], description=description2, user=User [userId=0, fullName=karthik1, email=abcded@gmail.com, userName=Karthik1232, password=password, phoneNumber=90522, role=Role [roleId=102, roleName=user, functions=[]]], riseDate=Tue Mar 22 12:57:11 IST 2016, category=[Category [categoryId=202, categoryName=h/w], Category [categoryId=201, categoryName=ui]], priority=Priority [priorityId=601, priorityName=high], assignDeveloper=null, status=Status [statusId=700, statusName=pending], resolveDate=Tue Mar 22 12:57:11 IST 2016]]
2016-03-22 12:57:11 INFO  UserService:149 - Ticket [ticketId=1, project=Project [projectId=10, projectName=tracking], description=description1, user=User [userId=0, fullName=karthik, email=abcded@gmail.com, userName=Karthik123, password=password, phoneNumber=90522, role=Role [roleId=102, roleName=user, functions=[]]], riseDate=Tue Mar 22 12:57:11 IST 2016, category=[Category [categoryId=201, categoryName=ui], Category [categoryId=202, categoryName=h/w]], priority=Priority [priorityId=601, priorityName=high], assignDeveloper=null, status=Status [statusId=700, statusName=pending], resolveDate=Tue Mar 22 12:57:11 IST 2016] 0
2016-03-22 12:57:11 INFO  UserService:149 - Ticket [ticketId=2, project=Project [projectId=10, projectName=tracking], description=description2, user=User [userId=0, fullName=karthik1, email=abcded@gmail.com, userName=Karthik1232, password=password, phoneNumber=90522, role=Role [roleId=102, roleName=user, functions=[]]], riseDate=Tue Mar 22 12:57:11 IST 2016, category=[Category [categoryId=201, categoryName=ui], Category [categoryId=202, categoryName=h/w]], priority=Priority [priorityId=601, priorityName=high], assignDeveloper=null, status=Status [statusId=700, statusName=pending], resolveDate=Tue Mar 22 12:57:11 IST 2016] 0
2016-03-22 12:57:11 INFO  UserService:87 - in serice
2016-03-22 12:57:12 INFO  AdminService:49 - in admin service
2016-03-22 12:57:12 INFO  AdminService:72 - in ser
2016-03-22 12:57:12 INFO  AdminService:75 - in service[Ticket [ticketId=2, project=project, description=description, user=user, riseDate=Tue Mar 22 12:57:12 IST 2016, category=[Category [categoryId=2, categoryName=ui]], priority=null, assignDeveloper=assignDeveloper, status=status, resolveDate=Tue Mar 22 12:57:12 IST 2016], Ticket [ticketId=0, project=project, description=description1, user=user, riseDate=Tue Mar 22 12:57:12 IST 2016, category=[], priority=null, assignDeveloper=assignDeveloper, status=status, resolveDate=Tue Mar 22 12:57:12 IST 2016]]
2016-03-22 12:57:12 INFO  AdminService:97 - in serice
2016-03-22 12:57:12 INFO  UserService:42 - service login
2016-03-22 12:57:12 INFO  UserService:93 - in serice
2016-03-22 12:57:12 INFO  UserService:106 - in service
2016-03-22 12:57:12 INFO  UserService:108 - User [userId=0, fullName=karthik, email=abcded@gmail.com, userName=Karthik123, password=password, phoneNumber=90522, role=Role [roleId=102, roleName=user, functions=[]]]in service user
2016-03-22 12:57:12 INFO  UserService:110 - Category [categoryId=201, categoryName=ui]
2016-03-22 12:57:12 INFO  UserService:116 - Project [projectId=10, projectName=tracking]
2016-03-22 12:57:12 INFO  UserService:118 - Status [statusId=700, statusName=pending]
2016-03-22 12:57:12 INFO  UserService:126 - Ticket [ticketId=0, project=Project [projectId=10, projectName=tracking], description=discription1, user=User [userId=0, fullName=karthik, email=abcded@gmail.com, userName=Karthik123, password=password, phoneNumber=90522, role=Role [roleId=102, roleName=user, functions=[]]], riseDate=Tue Mar 22 12:57:12 IST 2016, category=[Category [categoryId=201, categoryName=ui]], priority=null, assignDeveloper=[], status=Status [statusId=700, statusName=pending], resolveDate=null]in service
2016-03-22 12:57:12 INFO  UserService:128 - 
2016-03-22 12:57:12 INFO  UserService:64 - service
2016-03-22 12:57:12 INFO  UserService:160 - in ser
2016-03-22 12:57:12 INFO  UserService:163 - in service[Ticket [ticketId=1, project=Project [projectId=10, projectName=tracking], description=description1, user=User [userId=0, fullName=karthik, email=abcded@gmail.com, userName=Karthik123, password=password, phoneNumber=90522, role=Role [roleId=102, roleName=user, functions=[]]], riseDate=Tue Mar 22 12:57:12 IST 2016, category=[Category [categoryId=202, categoryName=h/w], Category [categoryId=201, categoryName=ui]], priority=Priority [priorityId=601, priorityName=high], assignDeveloper=null, status=Status [statusId=700, statusName=pending], resolveDate=Tue Mar 22 12:57:12 IST 2016], Ticket [ticketId=2, project=Project [projectId=10, projectName=tracking], description=description2, user=User [userId=0, fullName=karthik1, email=abcded@gmail.com, userName=Karthik1232, password=password, phoneNumber=90522, role=Role [roleId=102, roleName=user, functions=[]]], riseDate=Tue Mar 22 12:57:12 IST 2016, category=[Category [categoryId=202, categoryName=h/w], Category [categoryId=201, categoryName=ui]], priority=Priority [priorityId=601, priorityName=high], assignDeveloper=null, status=Status [statusId=700, statusName=pending], resolveDate=Tue Mar 22 12:57:12 IST 2016]]
2016-03-22 12:57:12 INFO  UserService:149 - Ticket [ticketId=1, project=Project [projectId=10, projectName=tracking], description=description1, user=User [userId=0, fullName=karthik, email=abcded@gmail.com, userName=Karthik123, password=password, phoneNumber=90522, role=Role [roleId=102, roleName=user, functions=[]]], riseDate=Tue Mar 22 12:57:12 IST 2016, category=[Category [categoryId=201, categoryName=ui], Category [categoryId=202, categoryName=h/w]], priority=Priority [priorityId=601, priorityName=high], assignDeveloper=null, status=Status [statusId=700, statusName=pending], resolveDate=Tue Mar 22 12:57:12 IST 2016] 0
2016-03-22 12:57:12 INFO  UserService:149 - Ticket [ticketId=2, project=Project [projectId=10, projectName=tracking], description=description2, user=User [userId=0, fullName=karthik1, email=abcded@gmail.com, userName=Karthik1232, password=password, phoneNumber=90522, role=Role [roleId=102, roleName=user, functions=[]]], riseDate=Tue Mar 22 12:57:12 IST 2016, category=[Category [categoryId=201, categoryName=ui], Category [categoryId=202, categoryName=h/w]], priority=Priority [priorityId=601, priorityName=high], assignDeveloper=null, status=Status [statusId=700, statusName=pending], resolveDate=Tue Mar 22 12:57:12 IST 2016] 0
2016-03-22 12:57:12 INFO  UserService:87 - in serice
